<?xml version="1.0" encoding="UTF-8"?>
<testng-results ignored="0" total="2" passed="2" failed="0" skipped="0">
  <reporter-output>
  </reporter-output>
  <suite started-at="2019-08-05T18:53:49Z" name="Default Suite" finished-at="2019-08-05T18:53:59Z" duration-ms="9983">
    <groups>
    </groups>
    <test started-at="2019-08-05T18:53:49Z" name="TestNGProject" finished-at="2019-08-05T18:53:59Z" duration-ms="9983">
      <class name="TestNgFile">
        <test-method is-config="true" signature="launchBrowser()[pri:0, instance:TestNgFile@2e3fc542]" started-at="2019-08-05T18:53:49Z" name="launchBrowser" finished-at="2019-08-05T18:53:55Z" duration-ms="5567" status="PASS">
          <reporter-output>
          </reporter-output>
        </test-method> <!-- launchBrowser -->
        <test-method is-config="true" signature="verifyHomepageTitle()[pri:0, instance:TestNgFile@2e3fc542]" started-at="2019-08-05T18:53:55Z" name="verifyHomepageTitle" finished-at="2019-08-05T18:53:55Z" duration-ms="5" status="PASS">
          <reporter-output>
          </reporter-output>
        </test-method> <!-- verifyHomepageTitle -->
        <test-method signature="register()[pri:0, instance:TestNgFile@2e3fc542]" started-at="2019-08-05T18:53:55Z" name="register" finished-at="2019-08-05T18:53:55Z" duration-ms="811" status="PASS">
          <reporter-output>
          </reporter-output>
        </test-method> <!-- register -->
        <test-method is-config="true" signature="goBackToHomepage()[pri:0, instance:TestNgFile@2e3fc542]" started-at="2019-08-05T18:53:55Z" name="goBackToHomepage" finished-at="2019-08-05T18:53:56Z" duration-ms="700" status="PASS">
          <reporter-output>
          </reporter-output>
        </test-method> <!-- goBackToHomepage -->
        <test-method is-config="true" signature="verifyHomepageTitle()[pri:0, instance:TestNgFile@2e3fc542]" started-at="2019-08-05T18:53:56Z" name="verifyHomepageTitle" finished-at="2019-08-05T18:53:56Z" duration-ms="3" status="PASS">
          <reporter-output>
          </reporter-output>
        </test-method> <!-- verifyHomepageTitle -->
        <test-method signature="support()[pri:1, instance:TestNgFile@2e3fc542]" started-at="2019-08-05T18:53:56Z" name="support" finished-at="2019-08-05T18:53:57Z" duration-ms="798" status="PASS">
          <reporter-output>
          </reporter-output>
        </test-method> <!-- support -->
        <test-method is-config="true" signature="goBackToHomepage()[pri:0, instance:TestNgFile@2e3fc542]" started-at="2019-08-05T18:53:57Z" name="goBackToHomepage" finished-at="2019-08-05T18:53:58Z" duration-ms="673" status="PASS">
          <reporter-output>
          </reporter-output>
        </test-method> <!-- goBackToHomepage -->
        <test-method is-config="true" signature="closeBrowser()[pri:0, instance:TestNgFile@2e3fc542]" started-at="2019-08-05T18:53:58Z" name="closeBrowser" finished-at="2019-08-05T18:53:59Z" duration-ms="1407" status="PASS">
          <reporter-output>
          </reporter-output>
        </test-method> <!-- closeBrowser -->
      </class> <!-- TestNgFile -->
    </test> <!-- TestNGProject -->
  </suite> <!-- Default Suite -->
</testng-results>
